#
# There is insufficient memory for the Java Runtime Environment to continue.
# Native memory allocation (malloc) failed to allocate 496176 bytes for Chunk::new
# Possible reasons:
#   The system is out of physical RAM or swap space
#   The process is running with CompressedOops enabled, and the Java Heap may be blocking the growth of the native heap
# Possible solutions:
#   Reduce memory load on the system
#   Increase physical memory or swap space
#   Check if swap backing store is full
#   Decrease Java heap size (-Xmx/-Xms)
#   Decrease number of Java threads
#   Decrease Java thread stack sizes (-Xss)
#   Set larger code cache with -XX:ReservedCodeCacheSize=
#   JVM is running with Unscaled Compressed Oops mode in which the Java heap is
#     placed in the first 4GB address space. The Java Heap base address is the
#     maximum limit for the native heap growth. Please use -XX:HeapBaseMinAddress
#     to set the Java Heap base and to place the Java Heap above 4GB virtual address.
# This output file may be truncated or incomplete.
#
#  Out of Memory Error (allocation.cpp:390), pid=22896, tid=0x0000000000002680
#
# JRE version: Java(TM) SE Runtime Environment (8.0_201-b09) (build 1.8.0_201-b09)
# Java VM: Java HotSpot(TM) 64-Bit Server VM (25.201-b09 mixed mode windows-amd64 compressed oops)
# Failed to write core dump. Minidumps are not enabled by default on client versions of Windows
#

---------------  T H R E A D  ---------------

Current thread (0x000000001a1a8000):  JavaThread "C2 CompilerThread0" daemon [_thread_in_native, id=9856, stack(0x000000001a9f0000,0x000000001aaf0000)]

Stack: [0x000000001a9f0000,0x000000001aaf0000]
[error occurred during error reporting (printing stack bounds), id 0xc0000005]

Native frames: (J=compiled Java code, j=interpreted, Vv=VM code, C=native code)


Current CompileTask:
C2:  14873 4913       4       java.io.WinNTFileSystem::normalize (143 bytes)


---------------  P R O C E S S  ---------------

Java Threads: ( => current thread )
  0x000000001b3f2800 JavaThread "qos-boss-1-1" daemon [_thread_in_native, id=19584, stack(0x0000000026070000,0x0000000026170000)]
  0x000000001b3f8800 JavaThread "elasticsearch[Gaia][generic][T#2]" daemon [_thread_blocked, id=27680, stack(0x0000000025870000,0x0000000025970000)]
  0x000000001b3f9800 JavaThread "elasticsearch[Gaia][generic][T#1]" daemon [_thread_blocked, id=21596, stack(0x0000000025770000,0x0000000025870000)]
  0x000000001d2f6000 JavaThread "elasticsearch[Gaia][management][T#1]" daemon [_thread_blocked, id=9392, stack(0x0000000025470000,0x0000000025570000)]
  0x000000001d2f5000 JavaThread "elasticsearch[Gaia][clusterService#updateTask][T#1]" daemon [_thread_blocked, id=26984, stack(0x0000000025370000,0x0000000025470000)]
  0x000000001d2f4800 JavaThread "elasticsearch[Gaia][[ttl_expire]]" daemon [_thread_blocked, id=26144, stack(0x0000000025270000,0x0000000025370000)]
  0x000000001d2f3000 JavaThread "elasticsearch[Gaia][scheduler][T#1]" daemon [_thread_blocked, id=12264, stack(0x0000000020fe0000,0x00000000210e0000)]
  0x000000001d2f9800 JavaThread "elasticsearch[Gaia][[timer]]" daemon [_thread_blocked, id=20064, stack(0x00000000209a0000,0x0000000020aa0000)]
  0x000000001a28b000 JavaThread "Service Thread" daemon [_thread_blocked, id=8664, stack(0x000000001adf0000,0x000000001aef0000)]
  0x000000001a1ea800 JavaThread "C1 CompilerThread3" daemon [_thread_blocked, id=23108, stack(0x000000001acf0000,0x000000001adf0000)]
  0x000000001a1b4000 JavaThread "C2 CompilerThread2" daemon [_thread_in_native, id=15892, stack(0x000000001abf0000,0x000000001acf0000)]
  0x000000001a1aa800 JavaThread "C2 CompilerThread1" daemon [_thread_in_native, id=22560, stack(0x000000001aaf0000,0x000000001abf0000)]
=>0x000000001a1a8000 JavaThread "C2 CompilerThread0" daemon [_thread_in_native, id=9856, stack(0x000000001a9f0000,0x000000001aaf0000)]
  0x000000001a19c800 JavaThread "Monitor Ctrl-Break" daemon [_thread_in_native, id=21768, stack(0x000000001a8f0000,0x000000001a9f0000)]
  0x000000001a18b000 JavaThread "Attach Listener" daemon [_thread_blocked, id=3688, stack(0x000000001a7f0000,0x000000001a8f0000)]
  0x000000001a18a800 JavaThread "Signal Dispatcher" daemon [_thread_blocked, id=11636, stack(0x000000001a6f0000,0x000000001a7f0000)]
  0x0000000018317000 JavaThread "Finalizer" daemon [_thread_blocked, id=16308, stack(0x000000001a5f0000,0x000000001a6f0000)]
  0x0000000018310800 JavaThread "Reference Handler" daemon [_thread_blocked, id=12028, stack(0x000000001a4f0000,0x000000001a5f0000)]
  0x0000000003213800 JavaThread "main" [_thread_in_vm, id=22500, stack(0x0000000003110000,0x0000000003210000)]

Other Threads:
  0x0000000018308000 VMThread [stack: 0x0000000019ff0000,0x000000001a0f0000] [id=25172]
  0x000000001a239000 WatcherThread [stack: 0x000000001aef0000,0x000000001aff0000] [id=17716]

VM state:not at safepoint (normal execution)

VM Mutex/Monitor currently owned by a thread: None

heap address: 0x0000000082600000, size: 2010 MB, Compressed Oops mode: 32-bit
Narrow klass base: 0x0000000000000000, Narrow klass shift: 3
Compressed class space size: 1073741824 Address: 0x0000000100000000

Heap:
 PSYoungGen      total 272896K, used 39529K [0x00000000d6200000, 0x00000000e8600000, 0x0000000100000000)
  eden space 258560K, 15% used [0x00000000d6200000,0x00000000d889a438,0x00000000e5e80000)
  from space 14336K, 0% used [0x00000000e7800000,0x00000000e7800000,0x00000000e8600000)
  to   space 15872K, 0% used [0x00000000e6700000,0x00000000e6700000,0x00000000e7680000)
 ParOldGen       total 56320K, used 31734K [0x0000000082600000, 0x0000000085d00000, 0x00000000d6200000)
  object space 56320K, 56% used [0x0000000082600000,0x00000000844fd870,0x0000000085d00000)
 Metaspace       used 60175K, capacity 60648K, committed 60888K, reserved 1101824K
  class space    used 7774K, capacity 7922K, committed 7936K, reserved 1048576K

Card table byte_map: [0x00000000127d0000,0x0000000012bc0000] byte_map_base: 0x00000000123bd000

Marking Bits: (ParMarkBitMap*) 0x000000005e114ce0
 Begin Bits: [0x0000000013660000, 0x00000000155c8000)
 End Bits:   [0x00000000155c8000, 0x0000000017530000)

Polling page: 0x0000000000e10000

CodeCache: size=245760Kb used=15963Kb max_used=16853Kb free=229796Kb
 bounds [0x0000000003410000, 0x00000000044a0000, 0x0000000012410000]
 total_blobs=4808 nmethods=4222 adapters=498
 compilation: enabled

Compilation events (10 events):
Event: 14.826 Thread 0x000000001a1ea800 4967       3       org.springframework.core.GenericTypeResolver::resolveParameterType (26 bytes)
Event: 14.826 Thread 0x000000001a1ea800 nmethod 4967 0x000000000354f7d0 code [0x000000000354f9a0, 0x000000000354ff58]
Event: 14.835 Thread 0x000000001a1ea800 4968       3       org.springframework.context.event.EventListenerMethodProcessor$1::inspect (6 bytes)
Event: 14.835 Thread 0x000000001a1ea800 nmethod 4968 0x00000000039dd210 code [0x00000000039dd380, 0x00000000039dd688]
Event: 14.835 Thread 0x000000001a1ea800 4969       3       org.springframework.context.event.EventListenerMethodProcessor$1::inspect (10 bytes)
Event: 14.835 Thread 0x000000001a1ea800 nmethod 4969 0x00000000043e89d0 code [0x00000000043e8b40, 0x00000000043e8dc8]
Event: 14.842 Thread 0x000000001a1b4000 nmethod 4957 0x0000000003613190 code [0x00000000036133c0, 0x0000000003614270]
Event: 14.842 Thread 0x000000001a1b4000 4962   !   4       java.util.concurrent.ConcurrentHashMap::transfer (832 bytes)
Event: 14.864 Thread 0x000000001a1ea800 4974       3       org.springframework.core.MethodIntrospector::selectMethods (119 bytes)
Event: 14.866 Thread 0x000000001a1ea800 nmethod 4974 0x0000000004373810 code [0x0000000004373b80, 0x0000000004375718]

GC Heap History (10 events):
Event: 7.093 GC heap before
{Heap before GC invocations=11 (full 2):
 PSYoungGen      total 214528K, used 10720K [0x00000000d6200000, 0x00000000e8600000, 0x0000000100000000)
  eden space 203776K, 0% used [0x00000000d6200000,0x00000000d6200000,0x00000000e2900000)
  from space 10752K, 99% used [0x00000000e2900000,0x00000000e3378030,0x00000000e3380000)
  to   space 14336K, 0% used [0x00000000e7800000,0x00000000e7800000,0x00000000e8600000)
 ParOldGen       total 56320K, used 13902K [0x0000000082600000, 0x0000000085d00000, 0x00000000d6200000)
  object space 56320K, 24% used [0x0000000082600000,0x0000000083393bc0,0x0000000085d00000)
 Metaspace       used 34809K, capacity 35118K, committed 35416K, reserved 1081344K
  class space    used 4321K, capacity 4396K, committed 4480K, reserved 1048576K
Event: 7.191 GC heap after
Heap after GC invocations=11 (full 2):
 PSYoungGen      total 214528K, used 0K [0x00000000d6200000, 0x00000000e8600000, 0x0000000100000000)
  eden space 203776K, 0% used [0x00000000d6200000,0x00000000d6200000,0x00000000e2900000)
  from space 10752K, 0% used [0x00000000e2900000,0x00000000e2900000,0x00000000e3380000)
  to   space 14336K, 0% used [0x00000000e7800000,0x00000000e7800000,0x00000000e8600000)
 ParOldGen       total 56320K, used 22306K [0x0000000082600000, 0x0000000085d00000, 0x00000000d6200000)
  object space 56320K, 39% used [0x0000000082600000,0x0000000083bc8a88,0x0000000085d00000)
 Metaspace       used 34809K, capacity 35118K, committed 35416K, reserved 1081344K
  class space    used 4321K, capacity 4396K, committed 4480K, reserved 1048576K
}
Event: 8.269 GC heap before
{Heap before GC invocations=12 (full 2):
 PSYoungGen      total 214528K, used 203776K [0x00000000d6200000, 0x00000000e8600000, 0x0000000100000000)
  eden space 203776K, 100% used [0x00000000d6200000,0x00000000e2900000,0x00000000e2900000)
  from space 10752K, 0% used [0x00000000e2900000,0x00000000e2900000,0x00000000e3380000)
  to   space 14336K, 0% used [0x00000000e7800000,0x00000000e7800000,0x00000000e8600000)
 ParOldGen       total 56320K, used 22306K [0x0000000082600000, 0x0000000085d00000, 0x00000000d6200000)
  object space 56320K, 39% used [0x0000000082600000,0x0000000083bc8a88,0x0000000085d00000)
 Metaspace       used 44309K, capacity 44752K, committed 45144K, reserved 1089536K
  class space    used 5625K, capacity 5753K, committed 5760K, reserved 1048576K
Event: 8.277 GC heap after
Heap after GC invocations=12 (full 2):
 PSYoungGen      total 272896K, used 14316K [0x00000000d6200000, 0x00000000e8600000, 0x0000000100000000)
  eden space 258560K, 0% used [0x00000000d6200000,0x00000000d6200000,0x00000000e5e80000)
  from space 14336K, 99% used [0x00000000e7800000,0x00000000e85fb368,0x00000000e8600000)
  to   space 15872K, 0% used [0x00000000e6700000,0x00000000e6700000,0x00000000e7680000)
 ParOldGen       total 56320K, used 22337K [0x0000000082600000, 0x0000000085d00000, 0x00000000d6200000)
  object space 56320K, 39% used [0x0000000082600000,0x0000000083bd05a8,0x0000000085d00000)
 Metaspace       used 44309K, capacity 44752K, committed 45144K, reserved 1089536K
  class space    used 5625K, capacity 5753K, committed 5760K, reserved 1048576K
}
Event: 13.129 GC heap before
{Heap before GC invocations=13 (full 2):
 PSYoungGen      total 272896K, used 272876K [0x00000000d6200000, 0x00000000e8600000, 0x0000000100000000)
  eden space 258560K, 100% used [0x00000000d6200000,0x00000000e5e80000,0x00000000e5e80000)
  from space 14336K, 99% used [0x00000000e7800000,0x00000000e85fb368,0x00000000e8600000)
  to   space 15872K, 0% used [0x00000000e6700000,0x00000000e6700000,0x00000000e7680000)
 ParOldGen       total 56320K, used 22337K [0x0000000082600000, 0x0000000085d00000, 0x00000000d6200000)
  object space 56320K, 39% used [0x0000000082600000,0x0000000083bd05a8,0x0000000085d00000)
 Metaspace       used 55678K, capacity 56128K, committed 56536K, reserved 1097728K
  class space    used 7210K, capacity 7338K, committed 7424K, reserved 1048576K
Event: 13.145 GC heap after
Heap after GC invocations=13 (full 2):
 PSYoungGen      total 274432K, used 15851K [0x00000000d6200000, 0x00000000e8600000, 0x0000000100000000)
  eden space 258560K, 0% used [0x00000000d6200000,0x00000000d6200000,0x00000000e5e80000)
  from space 15872K, 99% used [0x00000000e6700000,0x00000000e767aed0,0x00000000e7680000)
  to   space 14336K, 0% used [0x00000000e7800000,0x00000000e7800000,0x00000000e8600000)
 ParOldGen       total 56320K, used 25305K [0x0000000082600000, 0x0000000085d00000, 0x00000000d6200000)
  object space 56320K, 44% used [0x0000000082600000,0x0000000083eb6710,0x0000000085d00000)
 Metaspace       used 55678K, capacity 56128K, committed 56536K, reserved 1097728K
  class space    used 7210K, capacity 7338K, committed 7424K, reserved 1048576K
}
Event: 14.496 GC heap before
{Heap before GC invocations=14 (full 2):
 PSYoungGen      total 274432K, used 88806K [0x00000000d6200000, 0x00000000e8600000, 0x0000000100000000)
  eden space 258560K, 28% used [0x00000000d6200000,0x00000000da93ecf0,0x00000000e5e80000)
  from space 15872K, 99% used [0x00000000e6700000,0x00000000e767aed0,0x00000000e7680000)
  to   space 14336K, 0% used [0x00000000e7800000,0x00000000e7800000,0x00000000e8600000)
 ParOldGen       total 56320K, used 25305K [0x0000000082600000, 0x0000000085d00000, 0x00000000d6200000)
  object space 56320K, 44% used [0x0000000082600000,0x0000000083eb6710,0x0000000085d00000)
 Metaspace       used 58135K, capacity 58632K, committed 58968K, reserved 1099776K
  class space    used 7550K, capacity 7698K, committed 7808K, reserved 1048576K
Event: 14.502 GC heap after
Heap after GC invocations=14 (full 2):
 PSYoungGen      total 272896K, used 5036K [0x00000000d6200000, 0x00000000e8600000, 0x0000000100000000)
  eden space 258560K, 0% used [0x00000000d6200000,0x00000000d6200000,0x00000000e5e80000)
  from space 14336K, 35% used [0x00000000e7800000,0x00000000e7ceb3f0,0x00000000e8600000)
  to   space 15872K, 0% used [0x00000000e6700000,0x00000000e6700000,0x00000000e7680000)
 ParOldGen       total 56320K, used 32979K [0x0000000082600000, 0x0000000085d00000, 0x00000000d6200000)
  object space 56320K, 58% used [0x0000000082600000,0x0000000084634fa0,0x0000000085d00000)
 Metaspace       used 58135K, capacity 58632K, committed 58968K, reserved 1099776K
  class space    used 7550K, capacity 7698K, committed 7808K, reserved 1048576K
}
Event: 14.502 GC heap before
{Heap before GC invocations=15 (full 3):
 PSYoungGen      total 272896K, used 5036K [0x00000000d6200000, 0x00000000e8600000, 0x0000000100000000)
  eden space 258560K, 0% used [0x00000000d6200000,0x00000000d6200000,0x00000000e5e80000)
  from space 14336K, 35% used [0x00000000e7800000,0x00000000e7ceb3f0,0x00000000e8600000)
  to   space 15872K, 0% used [0x00000000e6700000,0x00000000e6700000,0x00000000e7680000)
 ParOldGen       total 56320K, used 32979K [0x0000000082600000, 0x0000000085d00000, 0x00000000d6200000)
  object space 56320K, 58% used [0x0000000082600000,0x0000000084634fa0,0x0000000085d00000)
 Metaspace       used 58135K, capacity 58632K, committed 58968K, reserved 1099776K
  class space    used 7550K, capacity 7698K, committed 7808K, reserved 1048576K
Event: 14.641 GC heap after
Heap after GC invocations=15 (full 3):
 PSYoungGen      total 272896K, used 0K [0x00000000d6200000, 0x00000000e8600000, 0x0000000100000000)
  eden space 258560K, 0% used [0x00000000d6200000,0x00000000d6200000,0x00000000e5e80000)
  from space 14336K, 0% used [0x00000000e7800000,0x00000000e7800000,0x00000000e8600000)
  to   space 15872K, 0% used [0x00000000e6700000,0x00000000e6700000,0x00000000e7680000)
 ParOldGen       total 56320K, used 31734K [0x0000000082600000, 0x0000000085d00000, 0x00000000d6200000)
  object space 56320K, 56% used [0x0000000082600000,0x00000000844fd870,0x0000000085d00000)
 Metaspace       used 58135K, capacity 58632K, committed 58968K, reserved 1099776K
  class space    used 7550K, capacity 7698K, committed 7808K, reserved 1048576K
}

Deoptimization events (10 events):
Event: 12.882 Thread 0x0000000003213800 Uncommon trap: reason=class_check action=maybe_recompile pc=0x00000000038824e4 method=java.util.TreeMap.put(Ljava/lang/Object;Ljava/lang/Object;)Ljava/lang/Object; @ 127
Event: 13.064 Thread 0x0000000003213800 Uncommon trap: reason=unstable_if action=reinterpret pc=0x00000000042be66c method=org.springframework.core.annotation.AnnotationUtils.isInterfaceWithAnnotatedMethods(Ljava/lang/Class;)Z @ 55
Event: 13.217 Thread 0x0000000003213800 Uncommon trap: reason=unstable_if action=reinterpret pc=0x0000000003b04f34 method=java.lang.reflect.Modifier.toString(I)Ljava/lang/String; @ 123
Event: 13.217 Thread 0x0000000003213800 Uncommon trap: reason=unstable_if action=reinterpret pc=0x0000000003618238 method=java.lang.reflect.Modifier.toString(I)Ljava/lang/String; @ 123
Event: 13.278 Thread 0x0000000003213800 Uncommon trap: reason=unstable_if action=reinterpret pc=0x00000000042e3304 method=java.util.WeakHashMap.put(Ljava/lang/Object;Ljava/lang/Object;)Ljava/lang/Object; @ 47
Event: 13.458 Thread 0x0000000003213800 Uncommon trap: reason=class_check action=maybe_recompile pc=0x000000000367e3c0 method=java.util.regex.Pattern$7.isSatisfiedBy(I)Z @ 5
Event: 13.458 Thread 0x0000000003213800 Uncommon trap: reason=class_check action=maybe_recompile pc=0x000000000367e3c0 method=java.util.regex.Pattern$7.isSatisfiedBy(I)Z @ 5
Event: 13.458 Thread 0x0000000003213800 Uncommon trap: reason=class_check action=maybe_recompile pc=0x000000000367e3c0 method=java.util.regex.Pattern$7.isSatisfiedBy(I)Z @ 5
Event: 13.458 Thread 0x0000000003213800 Uncommon trap: reason=class_check action=maybe_recompile pc=0x000000000367e3c0 method=java.util.regex.Pattern$7.isSatisfiedBy(I)Z @ 5
Event: 14.763 Thread 0x0000000003213800 Uncommon trap: reason=unstable_if action=reinterpret pc=0x0000000003e83674 method=java.io.DataInputStream.readUTF(Ljava/io/DataInput;)Ljava/lang/String; @ 31

Classes redefined (0 events):
No events

Internal exceptions (10 events):
Event: 14.815 Thread 0x0000000003213800 Exception <a 'java/lang/ClassNotFoundException': com/alibaba/dubbo/config/AbstractInterfaceConfigCustomizer> (0x00000000d77cf2e0) thrown at [C:\re\workspace\8-2-build-windows-amd64-cygwin\jdk8u201\12322\hotspot\src\share\vm\classfile\systemDictionary.cpp,
Event: 14.816 Thread 0x0000000003213800 Exception <a 'java/lang/ClassNotFoundException': com/alibaba/dubbo/config/AbstractServiceConfigCustomizer> (0x00000000d7861518) thrown at [C:\re\workspace\8-2-build-windows-amd64-cygwin\jdk8u201\12322\hotspot\src\share\vm\classfile\systemDictionary.cpp, l
Event: 14.818 Thread 0x0000000003213800 Exception <a 'java/lang/ClassNotFoundException': com/alibaba/dubbo/config/ServiceConfigCustomizer> (0x00000000d78f1b90) thrown at [C:\re\workspace\8-2-build-windows-amd64-cygwin\jdk8u201\12322\hotspot\src\share\vm\classfile\systemDictionary.cpp, line 210]
Event: 14.820 Thread 0x0000000003213800 Exception <a 'java/lang/ClassNotFoundException': com/alibaba/dubbo/config/spring/ServiceBeanCustomizer> (0x00000000d798fce8) thrown at [C:\re\workspace\8-2-build-windows-amd64-cygwin\jdk8u201\12322\hotspot\src\share\vm\classfile\systemDictionary.cpp, line
Event: 14.823 Thread 0x0000000003213800 Exception <a 'java/lang/ClassNotFoundException': org/springframework/beans/factory/InitializingBeanCustomizer> (0x00000000d7a3a9f8) thrown at [C:\re\workspace\8-2-build-windows-amd64-cygwin\jdk8u201\12322\hotspot\src\share\vm\classfile\systemDictionary.cp
Event: 14.823 Thread 0x0000000003213800 Exception <a 'java/lang/ClassNotFoundException': org/springframework/beans/factory/DisposableBeanCustomizer> (0x00000000d7a66b40) thrown at [C:\re\workspace\8-2-build-windows-amd64-cygwin\jdk8u201\12322\hotspot\src\share\vm\classfile\systemDictionary.cpp,
Event: 14.824 Thread 0x0000000003213800 Exception <a 'java/lang/ClassNotFoundException': org/springframework/context/ApplicationContextAwareCustomizer> (0x00000000d7a95610) thrown at [C:\re\workspace\8-2-build-windows-amd64-cygwin\jdk8u201\12322\hotspot\src\share\vm\classfile\systemDictionary.c
Event: 14.824 Thread 0x0000000003213800 Exception <a 'java/lang/ClassNotFoundException': org/springframework/context/ApplicationListenerCustomizer> (0x00000000d7ac23d0) thrown at [C:\re\workspace\8-2-build-windows-amd64-cygwin\jdk8u201\12322\hotspot\src\share\vm\classfile\systemDictionary.cpp, 
Event: 14.825 Thread 0x0000000003213800 Exception <a 'java/lang/ClassNotFoundException': org/springframework/beans/factory/BeanNameAwareCustomizer> (0x00000000d7aee910) thrown at [C:\re\workspace\8-2-build-windows-amd64-cygwin\jdk8u201\12322\hotspot\src\share\vm\classfile\systemDictionary.cpp, 
Event: 14.825 Thread 0x0000000003213800 Exception <a 'java/lang/ClassNotFoundException': java/io/SerializableCustomizer> (0x00000000d7afea70) thrown at [C:\re\workspace\8-2-build-windows-amd64-cygwin\jdk8u201\12322\hotspot\src\share\vm\classfile\systemDictionary.cpp, line 210]

Events (10 events):
Event: 14.830 loading class org/springframework/aop/scope/ScopedProxyUtils
Event: 14.830 loading class org/springframework/aop/scope/ScopedProxyUtils done
Event: 14.831 loading class org/springframework/aop/scope/ScopedObject
Event: 14.831 loading class org/springframework/aop/scope/ScopedObject done
Event: 14.832 loading class org/springframework/aop/RawTargetAccess
Event: 14.832 loading class org/springframework/aop/RawTargetAccess done
Event: 14.832 loading class org/springframework/context/event/EventListenerMethodProcessor$1
Event: 14.832 loading class org/springframework/context/event/EventListenerMethodProcessor$1 done
Event: 14.833 loading class org/springframework/context/event/EventListener
Event: 14.833 loading class org/springframework/context/event/EventListener done


Dynamic libraries:
0x00007ff7aeff0000 - 0x00007ff7af027000 	C:\Program Files\Java\jdk1.8.0_201\bin\java.exe
0x00007ff9ea8a0000 - 0x00007ff9eaa8d000 	C:\Windows\SYSTEM32\ntdll.dll
0x00007ff9ea6f0000 - 0x00007ff9ea7a3000 	C:\Windows\System32\KERNEL32.DLL
0x00007ff9e7300000 - 0x00007ff9e7593000 	C:\Windows\System32\KERNELBASE.dll
0x00007ff9e9520000 - 0x00007ff9e95c3000 	C:\Windows\System32\ADVAPI32.dll
0x00007ff9e8fc0000 - 0x00007ff9e905e000 	C:\Windows\System32\msvcrt.dll
0x00007ff9ea2e0000 - 0x00007ff9ea37e000 	C:\Windows\System32\sechost.dll
0x00007ff9e90c0000 - 0x00007ff9e91e2000 	C:\Windows\System32\RPCRT4.dll
0x00007ff9ea530000 - 0x00007ff9ea6c7000 	C:\Windows\System32\USER32.dll
0x00007ff9e70b0000 - 0x00007ff9e70d0000 	C:\Windows\System32\win32u.dll
0x00007ff9e9690000 - 0x00007ff9e96b9000 	C:\Windows\System32\GDI32.dll
0x00007ff9e7880000 - 0x00007ff9e7a19000 	C:\Windows\System32\gdi32full.dll
0x00007ff9e7a20000 - 0x00007ff9e7ac0000 	C:\Windows\System32\msvcp_win.dll
0x00007ff9e71b0000 - 0x00007ff9e72aa000 	C:\Windows\System32\ucrtbase.dll
0x00007ff9d0940000 - 0x00007ff9d0bb9000 	C:\Windows\WinSxS\amd64_microsoft.windows.common-controls_6595b64144ccf1df_6.0.17763.737_none_05b6437c071e554b\COMCTL32.dll
0x00007ff9e91f0000 - 0x00007ff9e951c000 	C:\Windows\System32\combase.dll
0x00007ff9e7130000 - 0x00007ff9e71ae000 	C:\Windows\System32\bcryptPrimitives.dll
0x00007ff9e96c0000 - 0x00007ff9e96ee000 	C:\Windows\System32\IMM32.DLL
0x000000005e1a0000 - 0x000000005e271000 	C:\Program Files\Java\jdk1.8.0_201\jre\bin\msvcr100.dll
0x000000005d8f0000 - 0x000000005e194000 	C:\Program Files\Java\jdk1.8.0_201\jre\bin\server\jvm.dll
0x00007ff9ea6d0000 - 0x00007ff9ea6d8000 	C:\Windows\System32\PSAPI.DLL
0x00007ff9e41d0000 - 0x00007ff9e41f4000 	C:\Windows\SYSTEM32\WINMM.dll
0x00007ff9da0d0000 - 0x00007ff9da0da000 	C:\Windows\SYSTEM32\VERSION.dll
0x00007ff9c2cd0000 - 0x00007ff9c2cd9000 	C:\Windows\SYSTEM32\WSOCK32.dll
0x00007ff9e96f0000 - 0x00007ff9e975d000 	C:\Windows\System32\WS2_32.dll
0x00007ff9e40b0000 - 0x00007ff9e40dd000 	C:\Windows\SYSTEM32\winmmbase.dll
0x00007ff9e72b0000 - 0x00007ff9e72fa000 	C:\Windows\System32\cfgmgr32.dll
0x00007ff9d75d0000 - 0x00007ff9d75df000 	C:\Program Files\Java\jdk1.8.0_201\jre\bin\verify.dll
0x00007ff9d0670000 - 0x00007ff9d0699000 	C:\Program Files\Java\jdk1.8.0_201\jre\bin\java.dll
0x00007ff9d4a60000 - 0x00007ff9d4a83000 	C:\Program Files\Java\jdk1.8.0_201\jre\bin\instrument.dll
0x00007ff9d47e0000 - 0x00007ff9d47f6000 	C:\Program Files\Java\jdk1.8.0_201\jre\bin\zip.dll
0x00007ff9e7ac0000 - 0x00007ff9e8fb2000 	C:\Windows\System32\SHELL32.dll
0x00007ff9e95d0000 - 0x00007ff9e9678000 	C:\Windows\System32\shcore.dll
0x00007ff9e6960000 - 0x00007ff9e70aa000 	C:\Windows\System32\windows.storage.dll
0x00007ff9e6910000 - 0x00007ff9e6934000 	C:\Windows\System32\profapi.dll
0x00007ff9e68b0000 - 0x00007ff9e690d000 	C:\Windows\System32\powrprof.dll
0x00007ff9ea7b0000 - 0x00007ff9ea802000 	C:\Windows\System32\shlwapi.dll
0x00007ff9e6890000 - 0x00007ff9e68a1000 	C:\Windows\System32\kernel.appcore.dll
0x00007ff9e7650000 - 0x00007ff9e7667000 	C:\Windows\System32\cryptsp.dll
0x00007ff9e0d50000 - 0x00007ff9e0d6a000 	C:\Program Files\JetBrains\IntelliJ IDEA 2019.1.3\bin\breakgen64.dll
0x00007ff9ddb30000 - 0x00007ff9ddb4a000 	C:\Program Files\Java\jdk1.8.0_201\jre\bin\net.dll
0x00007ff9d5ba0000 - 0x00007ff9d5d77000 	C:\Windows\SYSTEM32\urlmon.dll
0x00007ff9d4240000 - 0x00007ff9d44e8000 	C:\Windows\SYSTEM32\iertutil.dll
0x00007ff9e62d0000 - 0x00007ff9e62dc000 	C:\Windows\SYSTEM32\CRYPTBASE.DLL
0x00007ff9e6100000 - 0x00007ff9e6167000 	C:\Windows\system32\mswsock.dll
0x00007ff9d4b60000 - 0x00007ff9d4b6d000 	C:\Program Files\Java\jdk1.8.0_201\jre\bin\management.dll
0x00007ff9bb810000 - 0x00007ff9bb826000 	C:\Windows\system32\napinsp.dll
0x00007ff9bb7f0000 - 0x00007ff9bb80a000 	C:\Windows\system32\pnrpnsp.dll
0x00007ff9e5e60000 - 0x00007ff9e5f26000 	C:\Windows\SYSTEM32\DNSAPI.dll
0x00007ff9ea6e0000 - 0x00007ff9ea6e8000 	C:\Windows\System32\NSI.dll
0x00007ff9e5e20000 - 0x00007ff9e5e5d000 	C:\Windows\SYSTEM32\IPHLPAPI.DLL
0x00007ff9bb7e0000 - 0x00007ff9bb7ee000 	C:\Windows\System32\winrnr.dll
0x00007ff9e2a50000 - 0x00007ff9e2a6b000 	C:\Windows\system32\NLAapi.dll
0x00007ff9de030000 - 0x00007ff9de045000 	C:\Windows\system32\wshbth.dll
0x00000000612f0000 - 0x0000000061325000 	C:\Program Files\Bonjour\mdnsNSP.dll
0x00007ff9d8240000 - 0x00007ff9d824a000 	C:\Windows\System32\rasadhlp.dll
0x00007ff9d6670000 - 0x00007ff9d66e9000 	C:\Windows\System32\fwpuclnt.dll
0x00007ff9e7670000 - 0x00007ff9e7696000 	C:\Windows\System32\bcrypt.dll
0x00007ff9d0650000 - 0x00007ff9d0661000 	C:\Program Files\Java\jdk1.8.0_201\jre\bin\nio.dll
0x00007ff9d9dc0000 - 0x00007ff9d9dd6000 	C:\Windows\SYSTEM32\dhcpcsvc6.DLL
0x00007ff9d9da0000 - 0x00007ff9d9dbc000 	C:\Windows\SYSTEM32\dhcpcsvc.DLL
0x00007ff9e5c80000 - 0x00007ff9e5cb3000 	C:\Windows\system32\rsaenh.dll
0x00007ff9e67c0000 - 0x00007ff9e67e8000 	C:\Windows\SYSTEM32\USERENV.dll
0x00007ff9e1e10000 - 0x00007ff9e1e5d000 	C:\Windows\SYSTEM32\pdh.dll
0x00007ff9e43d0000 - 0x00007ff9e43df000 	C:\Windows\System32\perfproc.dll
0x00007ff9dddc0000 - 0x00007ff9dddce000 	C:\Windows\System32\perfos.dll
0x00007ff9d32d0000 - 0x00007ff9d3312000 	C:\Users\汤吉林\AppData\Local\Temp\jna-27359250\jna1946082820758354023.dll
0x00007ff9d4da0000 - 0x00007ff9d4dc4000 	C:\Program Files\Java\jdk1.8.0_201\jre\bin\sunec.dll

VM Arguments:
jvm_args: -ea -Didea.test.cyclic.buffer.size=1048576 -javaagent:C:\Program Files\JetBrains\IntelliJ IDEA 2019.1.3\lib\idea_rt.jar=53944:C:\Program Files\JetBrains\IntelliJ IDEA 2019.1.3\bin -Dfile.encoding=UTF-8 
java_command: com.intellij.rt.execution.junit.JUnitStarter -ideVersion5 -junit4 ab.tjl.gmall.search.GmallSearchServiceApplicationTests,contextLoads
java_class_path (initial): C:\Program Files\JetBrains\IntelliJ IDEA 2019.1.3\lib\idea_rt.jar;C:\Program Files\JetBrains\IntelliJ IDEA 2019.1.3\plugins\junit\lib\junit-rt.jar;C:\Program Files\JetBrains\IntelliJ IDEA 2019.1.3\plugins\junit\lib\junit5-rt.jar;C:\Program Files\Java\jdk1.8.0_201\jre\lib\charsets.jar;C:\Program Files\Java\jdk1.8.0_201\jre\lib\deploy.jar;C:\Program Files\Java\jdk1.8.0_201\jre\lib\ext\access-bridge-64.jar;C:\Program Files\Java\jdk1.8.0_201\jre\lib\ext\cldrdata.jar;C:\Program Files\Java\jdk1.8.0_201\jre\lib\ext\dnsns.jar;C:\Program Files\Java\jdk1.8.0_201\jre\lib\ext\jaccess.jar;C:\Program Files\Java\jdk1.8.0_201\jre\lib\ext\jfxrt.jar;C:\Program Files\Java\jdk1.8.0_201\jre\lib\ext\localedata.jar;C:\Program Files\Java\jdk1.8.0_201\jre\lib\ext\nashorn.jar;C:\Program Files\Java\jdk1.8.0_201\jre\lib\ext\sunec.jar;C:\Program Files\Java\jdk1.8.0_201\jre\lib\ext\sunjce_provider.jar;C:\Program Files\Java\jdk1.8.0_201\jre\lib\ext\sunmscapi.jar;C:\Program Files\Java\jdk1.8.0_201\jre\lib\ext\sunpkcs11.jar;C:\Program Files\Java\jdk1.8.0_201\jre\lib\ext\zipfs.jar;C:\Program Files\Java\jdk1.8.0_201\jre\lib\javaws.jar;C:\Program Files\Java\jdk1.8.0_201\jre\lib\jce.jar;C:\Program Files\Java\jdk1.8.0_201\jre\lib\jfr.jar;C:\Program Files\Java\jdk1.8.0_201\jre\lib\jfxswt.jar;C:\Program Files\Java\jdk1.8.0_201\jre\lib\jsse.jar;C:\Program Files\Java\jdk1.8.0_201\jre\lib\management-agent.jar;C:\Program Files\Java\jdk1.8.0_201\jre\lib\plugin.jar;C:\Program Files\Java\jdk1.8.0_201\jre\lib\resources.jar;C:\Program Files\Java\jdk1.8.0_201\jre\lib\rt.jar;D:\IDEA\SpringBoot\gmall\gmall-search-service\target\test-classes;D:\IDEA\SpringBoot\gmall\gmall-search-service\target\classes;D:\IDEA\SpringBoot\gmall\gmall-api\target\classes;D:\软件\javamvn\repository\tk\mybatis\mapper-spring-boot-starter\1.2.3\mapper-spring-boot-starter-1.2.3.jar;D:\软件\javamvn\repository\org\mybatis\mybatis\3.4.5\mybatis-3.4.5.jar;D:\软件\javamvn\repository\org\mybatis\mybatis-spring\1.3.1\myba
Launcher Type: SUN_STANDARD

Environment Variables:
JAVA_HOME=C:\Program Files\Java\jdk1.8.0_201
CLASSPATH=.;C:\Program Files\Java\jdk1.8.0_201\lib\dt.jar;C:\Program Files\Java\jdk1.8.0_201\lib\tools.jar
PATH=C:\Program Files\JetBrains\IntelliJ IDEA 2019.1.3\jre64\\bin;C:\Program Files\JetBrains\IntelliJ IDEA 2019.1.3\jre64\\bin\server;D:\oracle\product\10.2.0\db_1\bin;D:\app\汤吉林\product\11.2.0\dbhome_1\bin;C:;Program Files\Oracle\bin;C:\Program Files\Java\jdk1.8.0_201\bin;C:\Program Files\Java\jdk1.8.0_201\jre\bin;C:\Program Files\Microsoft SQL Server\Client SDK\ODBC\130\Tools\Binn\;C:\Program Files (x86)\Microsoft SQL Server\140\Tools\Binn\;C:\Program Files\Microsoft SQL Server\140\Tools\Binn\;C:\Program Files\Microsoft SQL Server\140\DTS\Binn\;C:\Program Files (x86)\Microsoft SQL Server\Client SDK\ODBC\130\Tools\Binn\;C:\Program Files (x86)\Microsoft SQL Server\140\DTS\Binn\;C:\Program Files (x86)\Microsoft SQL Server\140\Tools\Binn\ManagementStudio\;C:\Maven\apache-maven-3.6.1\bin;C:\Program Files\gradle-5.5.1\bin;C:\mymaven\nexus-2.12.0-01\bin;C:\Program Files\Git\cmd;C:\Program Files\TortoiseGit\bin;C:\Program Files (x86)\NVIDIA Corporation\PhysX\Common;C:\Program Files\NVIDIA Corporation\NVIDIA NvDLISR;C:\Program Files\Java\jdk-11.0.2\bin;D:\program files\;C:\ProgramData\Microsoft\Windows\Start Menu\Programs\Oracle VM VirtualBox;C:\Users\汤吉林\AppData\Local\Microsoft\WindowsApps;;C:\Program Files (x86)\SSH Communications Security\SSH Secure Shell;C:\Program Files\JetBrains\IntelliJ IDEA 2019.1.2\bin;;C:\Users\汤吉林\AppData\Roaming\npm
USERNAME=汤吉林
OS=Windows_NT
PROCESSOR_IDENTIFIER=Intel64 Family 6 Model 142 Stepping 11, GenuineIntel



---------------  S Y S T E M  ---------------

OS: Windows 10.0 , 64 bit Build 17763 (10.0.17763.475)

CPU:total 8 (initial active 8) (4 cores per cpu, 2 threads per core) family 6 model 142 stepping 11, cmov, cx8, fxsr, mmx, sse, sse2, sse3, ssse3, sse4.1, sse4.2, popcnt, avx, avx2, aes, clmul, erms, 3dnowpref, lzcnt, ht, tsc, tscinvbit, bmi1, bmi2, adx

Memory: 4k page, physical 8230708k(426264k free), swap 18716464k(5476k free)

vm_info: Java HotSpot(TM) 64-Bit Server VM (25.201-b09) for windows-amd64 JRE (1.8.0_201-b09), built on Dec 15 2018 18:36:39 by "java_re" with MS VC++ 10.0 (VS2010)

time: Mon Sep 23 21:50:05 2019
timezone: 中国标准时间
elapsed time: 14 seconds (0d 0h 0m 14s)

